\BOOKMARK [0][-]{section*.1}{Contents}{}% 1
\BOOKMARK [0][-]{section*.2}{List of Figures}{}% 2
\BOOKMARK [0][-]{chapter.1}{Introduction}{}% 3
\BOOKMARK [1][-]{section.1.1}{Optical Microscopy}{chapter.1}% 4
\BOOKMARK [1][-]{section.1.2}{Computational Microscopy}{chapter.1}% 5
\BOOKMARK [1][-]{section.1.3}{Noise in Computational Microscopy Systems}{chapter.1}% 6
\BOOKMARK [1][-]{section.1.4}{Coded Illumination for Optical Microscopy}{chapter.1}% 7
\BOOKMARK [0][-]{chapter.2}{Phase Imaging using Coded Illumination}{}% 8
\BOOKMARK [1][-]{section.2.1}{Phase Imaging}{chapter.2}% 9
\BOOKMARK [1][-]{section.2.2}{Quantitative Phase Imaging}{chapter.2}% 10
\BOOKMARK [1][-]{section.2.3}{Differential Phase Contrast}{chapter.2}% 11
\BOOKMARK [1][-]{section.2.4}{Single-Shot Quantitative Phase Imaging}{chapter.2}% 12
\BOOKMARK [1][-]{section.2.5}{SNR Analysis of DPC Phase Recovery Systems}{chapter.2}% 13
\BOOKMARK [1][-]{section.2.6}{Summary}{chapter.2}% 14
\BOOKMARK [0][-]{chapter.3}{High-Throughput Imaging using Coded Illumination}{}% 15
\BOOKMARK [1][-]{section.3.1}{Quantifying Throughput in Microscopy Systems}{chapter.3}% 16
\BOOKMARK [1][-]{section.3.2}{High-Throughput Microscopy with Motion Deblurring}{chapter.3}% 17
\BOOKMARK [1][-]{section.3.3}{Summary}{chapter.3}% 18
\BOOKMARK [0][-]{chapter.4}{Fabrication of Coded Illumination Devices}{}% 19
\BOOKMARK [1][-]{section.4.1}{Domed Illumination Devices for Coded Illumination}{chapter.4}% 20
\BOOKMARK [1][-]{section.4.2}{Coded Illumination Devices for Portable Microscopy}{chapter.4}% 21
\BOOKMARK [1][-]{section.4.3}{Summary}{chapter.4}% 22
\BOOKMARK [0][-]{chapter.5}{Self-Calibration of Coded Illumination Systems}{}% 23
\BOOKMARK [1][-]{section.5.1}{Algorithmic Self-Calibration}{chapter.5}% 24
\BOOKMARK [1][-]{section.5.2}{Aberration Self-Calibration using Differential Phase Contrast}{chapter.5}% 25
\BOOKMARK [1][-]{section.5.3}{Source Self-Calibration using Fourier Ptychography}{chapter.5}% 26
\BOOKMARK [1][-]{section.5.4}{Summary}{chapter.5}% 27
\BOOKMARK [0][-]{chapter.6}{Conclusion}{}% 28
\BOOKMARK [1][-]{section.6.1}{Proposed Future Work}{chapter.6}% 29
\BOOKMARK [0][-]{chapter.7}{Appendix}{}% 30
\BOOKMARK [1][-]{section.7.1}{Quantitative Phase Imaging}{chapter.7}% 31
\BOOKMARK [1][-]{section.7.2}{Open-Source Code}{chapter.7}% 32
\BOOKMARK [1][-]{section.7.3}{High-Throughput System Analysis}{chapter.7}% 33
\BOOKMARK [0][-]{chapter*.59}{Bibliography}{}% 34
